#
# There is insufficient memory for the Java Runtime Environment to continue.
# Native memory allocation (malloc) failed to allocate 1048576 bytes for AllocateHeap
# Possible reasons:
#   The system is out of physical RAM or swap space
#   The process is running with CompressedOops enabled, and the Java Heap may be blocking the growth of the native heap
# Possible solutions:
#   Reduce memory load on the system
#   Increase physical memory or swap space
#   Check if swap backing store is full
#   Decrease Java heap size (-Xmx/-Xms)
#   Decrease number of Java threads
#   Decrease Java thread stack sizes (-Xss)
#   Set larger code cache with -XX:ReservedCodeCacheSize=
#   JVM is running with Unscaled Compressed Oops mode in which the Java heap is
#     placed in the first 4GB address space. The Java Heap base address is the
#     maximum limit for the native heap growth. Please use -XX:HeapBaseMinAddress
#     to set the Java Heap base and to place the Java Heap above 4GB virtual address.
# This output file may be truncated or incomplete.
#
#  Out of Memory Error (allocation.cpp:44), pid=376, tid=13080
#
# JRE version:  (17.0.6+9) (build )
# Java VM: Java HotSpot(TM) 64-Bit Server VM (17.0.6+9-LTS-190, mixed mode, sharing, tiered, compressed oops, compressed class ptrs, g1 gc, windows-amd64)
# No core dump will be written. Minidumps are not enabled by default on client versions of Windows
#

---------------  S U M M A R Y ------------

Command Line: -Dapplication.home=C:\Program Files\Java\jdk-17 --add-modules=ALL-DEFAULT -Xms8m -Djdk.module.main=jdk.compiler jdk.compiler/com.sun.tools.javac.Main array9.java

Host: Intel(R) Core(TM) i3-6100 CPU @ 3.70GHz, 4 cores, 7G,  Windows 10 , 64 bit Build 19041 (10.0.19041.5794)
Time: Tue Jun  3 17:28:34 2025 India Standard Time elapsed time: 0.018686 seconds (0d 0h 0m 0s)

---------------  T H R E A D  ---------------

Current thread (0x000001f462e88b60):  JavaThread "Unknown thread" [_thread_in_vm, id=13080, stack(0x000000c47c900000,0x000000c47ca00000)]

Stack: [0x000000c47c900000,0x000000c47ca00000]
Native frames: (J=compiled Java code, j=interpreted, Vv=VM code, C=native code)
V  [jvm.dll+0x6734ea]
V  [jvm.dll+0x7d18f4]
V  [jvm.dll+0x7d309e]
V  [jvm.dll+0x7d3703]
V  [jvm.dll+0x2433c5]
V  [jvm.dll+0xa4ae3]
V  [jvm.dll+0x2e04de]
V  [jvm.dll+0x2d822b]
V  [jvm.dll+0x7a33b1]
V  [jvm.dll+0x3647f1]
V  [jvm.dll+0x782839]
V  [jvm.dll+0x3e757f]
V  [jvm.dll+0x3e9001]
C  [jli.dll+0x5297]
C  [ucrtbase.dll+0x21bb2]
C  [KERNEL32.DLL+0x17374]
C  [ntdll.dll+0x4cc91]


---------------  P R O C E S S  ---------------

Threads class SMR info:
_java_thread_list=0x00007ff82655e958, length=0, elements={
}

Java Threads: ( => current thread )

Other Threads:
  0x000001f462ee35f0 GCTaskThread "GC Thread#0" [stack: 0x000000c47ca00000,0x000000c47cb00000] [id=11192]

[error occurred during error reporting (printing all threads), id 0xc0000005, EXCEPTION_ACCESS_VIOLATION (0xc0000005) at pc=0x00007ff825d95450]

VM state: not at safepoint (not fully initialized)

VM Mutex/Monitor currently owned by a thread:  ([mutex/lock_event])
[0x000001f462e83fb0] Heap_lock - owner thread: 0x000001f462e88b60

Heap address: 0x0000000081800000, size: 2024 MB, Compressed Oops mode: 32-bit

CDS archive(s) mapped at: [0x0000000000000000-0x0000000000000000-0x0000000000000000), size 0, SharedBaseAddress: 0x0000000800000000, ArchiveRelocationMode: 0.
Narrow klass base: 0x0000000000000000, Narrow klass shift: 0, Narrow klass range: 0x0

GC Precious Log:
<Empty>

Heap:
 garbage-first heap   total 0K, used 0K [0x0000000081800000, 0x0000000100000000)
  region size 1024K, 0 young (0K), 0 survivors (0K)

[error occurred during error reporting (printing heap information), id 0xc0000005, EXCEPTION_ACCESS_VIOLATION (0xc0000005) at pc=0x00007ff82617c759]

GC Heap History (0 events):
No events

Deoptimization events (0 events):
No events

Classes unloaded (0 events):
No events

Classes redefined (0 events):
No events

Internal exceptions (0 events):
No events

VM Operations (0 events):
No events

Events (1 events):
Event: 0.007 Loaded shared library C:\Program Files\Java\jdk-17\bin\java.dll


Dynamic libraries:
0x00007ff75ddb0000 - 0x00007ff75ddb8000 	C:\Program Files\Java\jdk-17\bin\javac.exe
0x00007ff89cdf0000 - 0x00007ff89cfe8000 	C:\Windows\SYSTEM32\ntdll.dll
0x00007ff89bb90000 - 0x00007ff89bc52000 	C:\Windows\System32\KERNEL32.DLL
0x00007ff89a940000 - 0x00007ff89ac36000 	C:\Windows\System32\KERNELBASE.dll
0x00007ff89a7b0000 - 0x00007ff89a8b0000 	C:\Windows\System32\ucrtbase.dll
0x00007ff887110000 - 0x00007ff88712b000 	C:\Program Files\Java\jdk-17\bin\VCRUNTIME140.dll
0x00007ff896a80000 - 0x00007ff896a98000 	C:\Program Files\Java\jdk-17\bin\jli.dll
0x00007ff89bde0000 - 0x00007ff89be8f000 	C:\Windows\System32\ADVAPI32.dll
0x00007ff89be90000 - 0x00007ff89bf2e000 	C:\Windows\System32\msvcrt.dll
0x00007ff89bd40000 - 0x00007ff89bddf000 	C:\Windows\System32\sechost.dll
0x00007ff89ae30000 - 0x00007ff89af53000 	C:\Windows\System32\RPCRT4.dll
0x00007ff89a490000 - 0x00007ff89a4b7000 	C:\Windows\System32\bcrypt.dll
0x00007ff89bf40000 - 0x00007ff89c0dd000 	C:\Windows\System32\USER32.dll
0x00007ff89adf0000 - 0x00007ff89ae12000 	C:\Windows\System32\win32u.dll
0x00007ff86e9e0000 - 0x00007ff86ec7a000 	C:\Windows\WinSxS\amd64_microsoft.windows.common-controls_6595b64144ccf1df_6.0.19041.5794_none_60bcd33171f2783c\COMCTL32.dll
0x00007ff89c860000 - 0x00007ff89c88b000 	C:\Windows\System32\GDI32.dll
0x00007ff89a5f0000 - 0x00007ff89a70a000 	C:\Windows\System32\gdi32full.dll
0x00007ff89a710000 - 0x00007ff89a7ad000 	C:\Windows\System32\msvcp_win.dll
0x00007ff894910000 - 0x00007ff89491a000 	C:\Windows\SYSTEM32\VERSION.dll
0x00007ff89cbf0000 - 0x00007ff89cc1f000 	C:\Windows\System32\IMM32.DLL
0x00007ff892b50000 - 0x00007ff892b5c000 	C:\Program Files\Java\jdk-17\bin\vcruntime140_1.dll
0x00007ff84b740000 - 0x00007ff84b7ce000 	C:\Program Files\Java\jdk-17\bin\msvcp140.dll
0x00007ff825ab0000 - 0x00007ff826687000 	C:\Program Files\Java\jdk-17\bin\server\jvm.dll
0x00007ff89b8e0000 - 0x00007ff89b8e8000 	C:\Windows\System32\PSAPI.DLL
0x00007ff8832a0000 - 0x00007ff8832a9000 	C:\Windows\SYSTEM32\WSOCK32.dll
0x00007ff89c7f0000 - 0x00007ff89c85b000 	C:\Windows\System32\WS2_32.dll
0x00007ff889eb0000 - 0x00007ff889ed7000 	C:\Windows\SYSTEM32\WINMM.dll
0x00007ff8982f0000 - 0x00007ff898302000 	C:\Windows\SYSTEM32\kernel.appcore.dll
0x00007ff88a430000 - 0x00007ff88a43a000 	C:\Program Files\Java\jdk-17\bin\jimage.dll
0x00007ff889a90000 - 0x00007ff889c91000 	C:\Windows\SYSTEM32\DBGHELP.DLL
0x00007ff887bf0000 - 0x00007ff887c24000 	C:\Windows\SYSTEM32\dbgcore.DLL
0x00007ff89a8b0000 - 0x00007ff89a932000 	C:\Windows\System32\bcryptPrimitives.dll
0x00007ff84ff30000 - 0x00007ff84ff55000 	C:\Program Files\Java\jdk-17\bin\java.dll

dbghelp: loaded successfully - version: 4.0.5 - missing functions: none
symbol engine: initialized successfully - sym options: 0x614 - pdb path: .;C:\Program Files\Java\jdk-17\bin;C:\Windows\SYSTEM32;C:\Windows\WinSxS\amd64_microsoft.windows.common-controls_6595b64144ccf1df_6.0.19041.5794_none_60bcd33171f2783c;C:\Program Files\Java\jdk-17\bin\server

VM Arguments:
jvm_args: -Dapplication.home=C:\Program Files\Java\jdk-17 --add-modules=ALL-DEFAULT -Xms8m -Djdk.module.main=jdk.compiler 
java_command: jdk.compiler/com.sun.tools.javac.Main array9.java
java_class_path (initial): <not set>
Launcher Type: SUN_STANDARD

[Global flags]
     intx CICompilerCount                          = 3                                         {product} {ergonomic}
     uint ConcGCThreads                            = 1                                         {product} {ergonomic}
     uint G1ConcRefinementThreads                  = 4                                         {product} {ergonomic}
   size_t G1HeapRegionSize                         = 1048576                                   {product} {ergonomic}
    uintx GCDrainStackTargetSize                   = 64                                        {product} {ergonomic}
   size_t InitialHeapSize                          = 8388608                                   {product} {command line}
   size_t MarkStackSize                            = 4194304                                   {product} {ergonomic}
   size_t MaxHeapSize                              = 2122317824                                {product} {ergonomic}
   size_t MinHeapDeltaBytes                        = 1048576                                   {product} {ergonomic}
   size_t MinHeapSize                              = 8388608                                   {product} {command line}
    uintx NonNMethodCodeHeapSize                   = 5832780                                {pd product} {ergonomic}
    uintx NonProfiledCodeHeapSize                  = 122912730                              {pd product} {ergonomic}
    uintx ProfiledCodeHeapSize                     = 122912730                              {pd product} {ergonomic}
    uintx ReservedCodeCacheSize                    = 251658240                              {pd product} {ergonomic}
     bool SegmentedCodeCache                       = true                                      {product} {ergonomic}
   size_t SoftMaxHeapSize                          = 2122317824                             {manageable} {ergonomic}
     bool UseCompressedClassPointers               = true                           {product lp64_product} {ergonomic}
     bool UseCompressedOops                        = true                           {product lp64_product} {ergonomic}
     bool UseG1GC                                  = true                                      {product} {ergonomic}
     bool UseLargePagesIndividualAllocation        = false                                  {pd product} {ergonomic}

Logging:
Log output configuration:
 #0: stdout all=warning uptime,level,tags
 #1: stderr all=off uptime,level,tags

Environment Variables:
PATH=C:\Users\LIVEWIRE\Downloads\db_home\bin;C:\Program Files\Common Files\Oracle\Java\javapath;C:\Windows\system32;C:\Windows;C:\Windows\System32\Wbem;C:\Windows\System32\WindowsPowerShell\v1.0\;C:\Windows\System32\OpenSSH\;C:\ProgramData\chocolatey\bin;C:\Windows\Microsoft.NET\Framework\v4.0.30319;C:\Program Files\Microsoft SQL Server\Client SDK\ODBC\170\Tools\Binn\;C:\Program Files\dotnet\;C:\Windows\Microsoft.NET\Framework64\v4.0.30319;C:\Program Files\nodejs\;C:\Program Files\Git\cmd;D:\software\mongosh-2.5.0-win32-x64\mongosh-2.5.0-win32-x64\bin;;C:\Program Files\Docker\Docker\resources\bin;C:\Users\LIVEWIRE\AppData\Local\Programs\Python\Python311\Scripts\;C:\Users\LIVEWIRE\AppData\Local\Programs\Python\Python311\;C:\Users\LIVEWIRE\AppData\Local\Programs\Python\Python312\Scripts\;C:\Users\LIVEWIRE\AppData\Local\Programs\Python\Python312\;C:\Users\LIVEWIRE\AppData\Local\Microsoft\WindowsApps;C:\msys64\mingw64\bin;C:\Program Files\JetBrains\IntelliJ IDEA Educational Edition 2022.2.2\bin;;C:\Users\LIVEWIRE\AppData\Local\JetBrains\PyCharm Community Edition 2023.2.1\bin;;C:\Users\LIVEWIRE\.dotnet\tools;C:\Users\LIVEWIRE\AppData\Roaming\npm;C:\Users\LIVEWIRE\AppData\Local\Programs\Python\Python37\Scripts\;C:\Users\LIVEWIRE\AppData\Local\Programs\Python\Python37\;C:\Program Files\Java\jdk-22\bin;C:\Users\LIVEWIRE\AppData\Local\GitHubDesktop\bin;C:\Users\LIVEWIRE\AppData\Local\Programs\Microsoft VS Code\bin
USERNAME=LIVEWIRE
OS=Windows_NT
PROCESSOR_IDENTIFIER=Intel64 Family 6 Model 94 Stepping 3, GenuineIntel



---------------  S Y S T E M  ---------------

OS:
 Windows 10 , 64 bit Build 19041 (10.0.19041.5794)
OS uptime: 1 days 3:37 hours
Hyper-V role detected

CPU: total 4 (initial active 4) (2 cores per cpu, 2 threads per core) family 6 model 94 stepping 3 microcode 0xcc, cx8, cmov, fxsr, ht, mmx, 3dnowpref, sse, sse2, sse3, ssse3, sse4.1, sse4.2, popcnt, lzcnt, tsc, tscinvbit, avx, avx2, aes, erms, clmul, bmi1, bmi2, adx, fma, vzeroupper, clflush, clflushopt, hv

Memory: 4k page, system-wide physical 8091M (1719M free)
TotalPageFile size 9259M (AvailPageFile size 6M)
current process WorkingSet (physical memory assigned to process): 10M, peak: 10M
current process commit charge ("private bytes"): 49M, peak: 50M

vm_info: Java HotSpot(TM) 64-Bit Server VM (17.0.6+9-LTS-190) for windows-amd64 JRE (17.0.6+9-LTS-190), built on Dec  6 2022 15:53:54 by "mach5one" with MS VC++ 17.1 (VS2022)

END.
