#
# There is insufficient memory for the Java Runtime Environment to continue.
# Native memory allocation (mmap) failed to map 6291456 bytes for G1 virtual space
# Possible reasons:
#   The system is out of physical RAM or swap space
#   The process is running with CompressedOops enabled, and the Java Heap may be blocking the growth of the native heap
# Possible solutions:
#   Reduce memory load on the system
#   Increase physical memory or swap space
#   Check if swap backing store is full
#   Decrease Java heap size (-Xmx/-Xms)
#   Decrease number of Java threads
#   Decrease Java thread stack sizes (-Xss)
#   Set larger code cache with -XX:ReservedCodeCacheSize=
#   JVM is running with Unscaled Compressed Oops mode in which the Java heap is
#     placed in the first 4GB address space. The Java Heap base address is the
#     maximum limit for the native heap growth. Please use -XX:HeapBaseMinAddress
#     to set the Java Heap base and to place the Java Heap above 4GB virtual address.
# This output file may be truncated or incomplete.
#
#  Out of Memory Error (os_windows.cpp:3550), pid=3912, tid=7188
#
# JRE version: Java(TM) SE Runtime Environment (17.0.6+9) (build 17.0.6+9-LTS-190)
# Java VM: Java HotSpot(TM) 64-Bit Server VM (17.0.6+9-LTS-190, mixed mode, sharing, tiered, compressed oops, compressed class ptrs, g1 gc, windows-amd64)
# No core dump will be written. Minidumps are not enabled by default on client versions of Windows
#

---------------  S U M M A R Y ------------

Command Line: -Dapplication.home=C:\Program Files\Java\jdk-17 --add-modules=ALL-DEFAULT -Xms8m -Djdk.module.main=jdk.compiler jdk.compiler/com.sun.tools.javac.Main array9.java

Host: Intel(R) Core(TM) i3-6100 CPU @ 3.70GHz, 4 cores, 7G,  Windows 10 , 64 bit Build 19041 (10.0.19041.5794)
Time: Tue Jun  3 17:40:51 2025 India Standard Time elapsed time: 1.202768 seconds (0d 0h 0m 1s)

---------------  T H R E A D  ---------------

Current thread (0x00000297cbda9c90):  VMThread "VM Thread" [stack: 0x000000b3bc200000,0x000000b3bc300000] [id=7188]

Stack: [0x000000b3bc200000,0x000000b3bc300000]
Native frames: (J=compiled Java code, j=interpreted, Vv=VM code, C=native code)
V  [jvm.dll+0x6734ea]
V  [jvm.dll+0x7d18f4]
V  [jvm.dll+0x7d309e]
V  [jvm.dll+0x7d3703]
V  [jvm.dll+0x2433c5]
V  [jvm.dll+0x6703f9]
V  [jvm.dll+0x664d32]
V  [jvm.dll+0x300086]
V  [jvm.dll+0x307606]
V  [jvm.dll+0x356c1e]
V  [jvm.dll+0x356e4f]
V  [jvm.dll+0x2d72e8]
V  [jvm.dll+0x2d57e5]
V  [jvm.dll+0x2d4dec]
V  [jvm.dll+0x31837b]
V  [jvm.dll+0x7d7f0b]
V  [jvm.dll+0x7d8c44]
V  [jvm.dll+0x7d915d]
V  [jvm.dll+0x7d9534]
V  [jvm.dll+0x7d9600]
V  [jvm.dll+0x781a7a]
V  [jvm.dll+0x672375]
C  [ucrtbase.dll+0x21bb2]
C  [KERNEL32.DLL+0x17374]
C  [ntdll.dll+0x4cc91]

VM_Operation (0x000000b3bbcfc330): G1CollectForAllocation, mode: safepoint, requested by thread 0x00000297cbcf6620


---------------  P R O C E S S  ---------------

Threads class SMR info:
_java_thread_list=0x00000297ea4696c0, length=13, elements={
0x00000297cbcf6620, 0x00000297cbdad880, 0x00000297cbdaf700, 0x00000297cbdc66c0,
0x00000297cbdca9a0, 0x00000297cbdcb350, 0x00000297cbdcbd00, 0x00000297cbdcd1f0,
0x00000297cbdce9d0, 0x00000297e952b2d0, 0x00000297e950d680, 0x00000297ea08d070,
0x00000297ea537350
}

Java Threads: ( => current thread )
  0x00000297cbcf6620 JavaThread "main" [_thread_blocked, id=11764, stack(0x000000b3bbc00000,0x000000b3bbd00000)]
  0x00000297cbdad880 JavaThread "Reference Handler" daemon [_thread_blocked, id=776, stack(0x000000b3bc300000,0x000000b3bc400000)]
  0x00000297cbdaf700 JavaThread "Finalizer" daemon [_thread_blocked, id=1172, stack(0x000000b3bc400000,0x000000b3bc500000)]
  0x00000297cbdc66c0 JavaThread "Signal Dispatcher" daemon [_thread_blocked, id=6908, stack(0x000000b3bc500000,0x000000b3bc600000)]
  0x00000297cbdca9a0 JavaThread "Attach Listener" daemon [_thread_blocked, id=2472, stack(0x000000b3bc600000,0x000000b3bc700000)]
  0x00000297cbdcb350 JavaThread "Service Thread" daemon [_thread_blocked, id=7924, stack(0x000000b3bc700000,0x000000b3bc800000)]
  0x00000297cbdcbd00 JavaThread "Monitor Deflation Thread" daemon [_thread_blocked, id=6548, stack(0x000000b3bc800000,0x000000b3bc900000)]
  0x00000297cbdcd1f0 JavaThread "C2 CompilerThread0" daemon [_thread_blocked, id=9136, stack(0x000000b3bc900000,0x000000b3bca00000)]
  0x00000297cbdce9d0 JavaThread "C1 CompilerThread0" daemon [_thread_blocked, id=11712, stack(0x000000b3bca00000,0x000000b3bcb00000)]
  0x00000297e952b2d0 JavaThread "Sweeper thread" daemon [_thread_blocked, id=9364, stack(0x000000b3bcb00000,0x000000b3bcc00000)]
  0x00000297e950d680 JavaThread "Common-Cleaner" daemon [_thread_blocked, id=10976, stack(0x000000b3bcc00000,0x000000b3bcd00000)]
  0x00000297ea08d070 JavaThread "Notification Thread" daemon [_thread_blocked, id=376, stack(0x000000b3bcd00000,0x000000b3bce00000)]
  0x00000297ea537350 JavaThread "C2 CompilerThread1" daemon [_thread_blocked, id=6228, stack(0x000000b3bd200000,0x000000b3bd300000)]

Other Threads:
=>0x00000297cbda9c90 VMThread "VM Thread" [stack: 0x000000b3bc200000,0x000000b3bc300000] [id=7188]
  0x00000297cbd6a180 WatcherThread [stack: 0x000000b3bce00000,0x000000b3bcf00000] [id=8512]
  0x00000297cbd4f3c0 GCTaskThread "GC Thread#0" [stack: 0x000000b3bbd00000,0x000000b3bbe00000] [id=900]
  0x00000297ea2c8c60 GCTaskThread "GC Thread#1" [stack: 0x000000b3bcf00000,0x000000b3bd000000] [id=1144]
  0x00000297ea2c9390 GCTaskThread "GC Thread#2" [stack: 0x000000b3bd000000,0x000000b3bd100000] [id=1124]
  0x00000297ea319f60 GCTaskThread "GC Thread#3" [stack: 0x000000b3bd100000,0x000000b3bd200000] [id=7580]
  0x00000297cbd60000 ConcurrentGCThread "G1 Main Marker" [stack: 0x000000b3bbe00000,0x000000b3bbf00000] [id=2196]
  0x00000297cbd621c0 ConcurrentGCThread "G1 Conc#0" [stack: 0x000000b3bbf00000,0x000000b3bc000000] [id=8344]
  0x00000297cbd7db40 ConcurrentGCThread "G1 Refine#0" [stack: 0x000000b3bc000000,0x000000b3bc100000] [id=11076]
  0x00000297cbd7e560 ConcurrentGCThread "G1 Service" [stack: 0x000000b3bc100000,0x000000b3bc200000] [id=5636]

Threads with active compile tasks:
C2 CompilerThread0     1257 1182       4       jdk.internal.jimage.ImageStringsReader::stringFromByteBuffer (73 bytes)
C1 CompilerThread0     1257 1172       3       com.sun.tools.javac.code.Types::isSignaturePolymorphic (111 bytes)
C2 CompilerThread1     1257 1181       4       jdk.internal.jrtfs.JrtPath::getFileName (78 bytes)

VM state: at safepoint (normal execution)

VM Mutex/Monitor currently owned by a thread:  ([mutex/lock_event])
[0x00000297cbcf0270] Threads_lock - owner thread: 0x00000297cbda9c90
[0x00000297cbcef6a0] Heap_lock - owner thread: 0x00000297cbcf6620

Heap address: 0x0000000081800000, size: 2024 MB, Compressed Oops mode: 32-bit

CDS archive(s) mapped at: [0x0000000800000000-0x0000000800bd0000-0x0000000800bd0000), size 12386304, SharedBaseAddress: 0x0000000800000000, ArchiveRelocationMode: 0.
Compressed class space mapped at: 0x0000000800c00000-0x0000000840c00000, reserved size: 1073741824
Narrow klass base: 0x0000000800000000, Narrow klass shift: 0, Narrow klass range: 0x100000000

GC Precious Log:
 CPUs: 4 total, 4 available
 Memory: 8091M
 Large Page Support: Disabled
 NUMA Support: Disabled
 Compressed Oops: Enabled (32-bit)
 Heap Region Size: 1M
 Heap Min Capacity: 8M
 Heap Initial Capacity: 8M
 Heap Max Capacity: 2024M
 Pre-touch: Disabled
 Parallel Workers: 4
 Concurrent Workers: 1
 Concurrent Refinement Workers: 4
 Periodic GC: Disabled

Heap:
 garbage-first heap   total 10240K, used 4973K [0x0000000081800000, 0x0000000100000000)
  region size 1024K, 1 young (1024K), 1 survivors (1024K)
 Metaspace       used 8299K, committed 8576K, reserved 1064960K
  class space    used 950K, committed 1088K, reserved 1048576K

Heap Regions: E=young(eden), S=young(survivor), O=old, HS=humongous(starts), HC=humongous(continues), CS=collection set, F=free, OA=open archive, CA=closed archive, TAMS=top-at-mark-start (previous, next)
|   0|0x0000000081800000, 0x0000000081900000, 0x0000000081900000|100%| O|  |TAMS 0x0000000081800000, 0x0000000081800000| Untracked 
|   1|0x0000000081900000, 0x0000000081a00000, 0x0000000081a00000|100%| O|  |TAMS 0x0000000081900000, 0x0000000081900000| Untracked 
|   2|0x0000000081a00000, 0x0000000081b00000, 0x0000000081b00000|100%| O|  |TAMS 0x0000000081a00000, 0x0000000081a00000| Untracked 
|   3|0x0000000081b00000, 0x0000000081c00000, 0x0000000081c00000|100%| O|  |TAMS 0x0000000081b00000, 0x0000000081b00000| Untracked 
|   4|0x0000000081c00000, 0x0000000081c8fa00, 0x0000000081d00000| 56%| O|  |TAMS 0x0000000081c00000, 0x0000000081c00000| Untracked 
|   5|0x0000000081d00000, 0x0000000081d00000, 0x0000000081e00000|  0%| F|  |TAMS 0x0000000081d00000, 0x0000000081d00000| Untracked 
|   6|0x0000000081e00000, 0x0000000081e00000, 0x0000000081f00000|  0%| F|  |TAMS 0x0000000081e00000, 0x0000000081e00000| Untracked 
|   7|0x0000000081f00000, 0x0000000081f00000, 0x0000000082000000|  0%| F|  |TAMS 0x0000000081f00000, 0x0000000081f00000| Untracked 
|   8|0x0000000082000000, 0x000000008204bc60, 0x0000000082100000| 29%| S|CS|TAMS 0x0000000082000000, 0x0000000082000000| Complete 
|   9|0x0000000082100000, 0x0000000082100000, 0x0000000082200000|  0%| F|  |TAMS 0x0000000082100000, 0x0000000082100000| Untracked 

Card table byte_map: [0x00000297e2980000,0x00000297e2d80000] _byte_map_base: 0x00000297e2574000

Marking Bits (Prev, Next): (CMBitMap*) 0x00000297cbd4f9d0, (CMBitMap*) 0x00000297cbd4fa10
 Prev Bits: [0x00000297e3180000, 0x00000297e5120000)
 Next Bits: [0x00000297e5120000, 0x00000297e70c0000)

Polling page: 0x00000297c9e70000

Metaspace:

Usage:
  Non-class:      7.18 MB used.
      Class:    950.91 KB used.
       Both:      8.10 MB used.

Virtual space:
  Non-class space:       16.00 MB reserved,       7.31 MB ( 46%) committed,  2 nodes.
      Class space:        1.00 GB reserved,       1.06 MB ( <1%) committed,  1 nodes.
             Both:        1.02 GB reserved,       8.38 MB ( <1%) committed. 

Chunk freelists:
   Non-Class:  2.36 MB
       Class:  2.92 MB
        Both:  5.28 MB

MaxMetaspaceSize: unlimited
CompressedClassSpaceSize: 1.00 GB
Initial GC threshold: 21.00 MB
Current GC threshold: 21.00 MB
CDS: on
MetaspaceReclaimPolicy: balanced
 - commit_granule_bytes: 65536.
 - commit_granule_words: 8192.
 - virtual_space_node_default_size: 1048576.
 - enlarge_chunks_in_place: 1.
 - new_chunks_are_fully_committed: 0.
 - uncommit_free_chunks: 1.
 - use_allocation_guard: 0.
 - handle_deallocations: 1.


Internal statistics:

num_allocs_failed_limit: 0.
num_arena_births: 68.
num_arena_deaths: 0.
num_vsnodes_births: 3.
num_vsnodes_deaths: 0.
num_space_committed: 134.
num_space_uncommitted: 0.
num_chunks_returned_to_freelist: 0.
num_chunks_taken_from_freelist: 348.
num_chunk_merges: 0.
num_chunk_splits: 242.
num_chunks_enlarged: 187.
num_purges: 0.
num_inconsistent_stats: 0.

CodeHeap 'non-profiled nmethods': size=120000Kb used=356Kb max_used=356Kb free=119643Kb
 bounds [0x00000297db050000, 0x00000297db2c0000, 0x00000297e2580000]
CodeHeap 'profiled nmethods': size=120000Kb used=2176Kb max_used=2176Kb free=117823Kb
 bounds [0x00000297d3580000, 0x00000297d37f0000, 0x00000297daab0000]
CodeHeap 'non-nmethods': size=5760Kb used=1128Kb max_used=1161Kb free=4631Kb
 bounds [0x00000297daab0000, 0x00000297dad20000, 0x00000297db050000]
 total_blobs=1584 nmethods=1179 adapters=317
 compilation: enabled
              stopped_count=0, restarted_count=0
 full_count=0

Compilation events (20 events):
Event: 1.174 Thread 0x00000297ea537350 nmethod 1179 0x00000297db0a8b10 code [0x00000297db0a8ca0, 0x00000297db0a8e78]
Event: 1.174 Thread 0x00000297ea537350 1181       4       jdk.internal.jrtfs.JrtPath::getFileName (78 bytes)
Event: 1.174 Thread 0x00000297cbdcd1f0 nmethod 1180 0x00000297db0a8f10 code [0x00000297db0a9080, 0x00000297db0a90f8]
Event: 1.175 Thread 0x00000297cbdce9d0 nmethod 1177 0x00000297d3791690 code [0x00000297d3791b80, 0x00000297d3794c08]
Event: 1.175 Thread 0x00000297cbdce9d0 1178       3       com.sun.tools.javac.jvm.ClassReader$2::read (45 bytes)
Event: 1.175 Thread 0x00000297cbdcd1f0 1182       4       jdk.internal.jimage.ImageStringsReader::stringFromByteBuffer (73 bytes)
Event: 1.175 Thread 0x00000297cbdce9d0 nmethod 1178 0x00000297d3795c10 code [0x00000297d3795de0, 0x00000297d3796128]
Event: 1.176 Thread 0x00000297cbdce9d0 1175       3       com.sun.tools.javac.jvm.Code::typecode (141 bytes)
Event: 1.176 Thread 0x00000297cbdce9d0 nmethod 1175 0x00000297d3796290 code [0x00000297d3796540, 0x00000297d3797298]
Event: 1.176 Thread 0x00000297cbdce9d0 1176       3       com.sun.tools.javac.jvm.ClassReader::parameter (218 bytes)
Event: 1.178 Thread 0x00000297cbdce9d0 nmethod 1176 0x00000297d3797610 code [0x00000297d3797980, 0x00000297d3798f98]
Event: 1.178 Thread 0x00000297cbdce9d0 1163       3       com.sun.tools.javac.util.Assert::checkNull (8 bytes)
Event: 1.178 Thread 0x00000297cbdce9d0 nmethod 1163 0x00000297d3799710 code [0x00000297d37998c0, 0x00000297d3799b28]
Event: 1.178 Thread 0x00000297cbdce9d0 1169   !   3       com.sun.tools.javac.jvm.ClassReader::readMethod (485 bytes)
Event: 1.183 Thread 0x00000297cbdce9d0 nmethod 1169 0x00000297d3799c90 code [0x00000297d379a2a0, 0x00000297d379e348]
Event: 1.183 Thread 0x00000297cbdce9d0 1170       3       com.sun.tools.javac.jvm.ClassReader::adjustMethodFlags (46 bytes)
Event: 1.183 Thread 0x00000297cbdce9d0 nmethod 1170 0x00000297d379f810 code [0x00000297d379f9a0, 0x00000297d379fb98]
Event: 1.183 Thread 0x00000297cbdce9d0 1171       3       com.sun.tools.javac.code.Symbol::isInterface (19 bytes)
Event: 1.183 Thread 0x00000297cbdce9d0 nmethod 1171 0x00000297d379fc10 code [0x00000297d379fdc0, 0x00000297d379ffe8]
Event: 1.183 Thread 0x00000297cbdce9d0 1172       3       com.sun.tools.javac.code.Types::isSignaturePolymorphic (111 bytes)

GC Heap History (19 events):
Event: 0.222 GC heap before
{Heap before GC invocations=0 (full 0):
 garbage-first heap   total 8192K, used 3072K [0x0000000081800000, 0x0000000100000000)
  region size 1024K, 3 young (3072K), 0 survivors (0K)
 Metaspace       used 2698K, committed 2816K, reserved 1056768K
  class space    used 351K, committed 384K, reserved 1048576K
}
Event: 0.226 GC heap after
{Heap after GC invocations=1 (full 0):
 garbage-first heap   total 8192K, used 1412K [0x0000000081800000, 0x0000000100000000)
  region size 1024K, 1 young (1024K), 1 survivors (1024K)
 Metaspace       used 2698K, committed 2816K, reserved 1056768K
  class space    used 351K, committed 384K, reserved 1048576K
}
Event: 0.328 GC heap before
{Heap before GC invocations=1 (full 0):
 garbage-first heap   total 8192K, used 2436K [0x0000000081800000, 0x0000000100000000)
  region size 1024K, 2 young (2048K), 1 survivors (1024K)
 Metaspace       used 5400K, committed 5568K, reserved 1056768K
  class space    used 640K, committed 768K, reserved 1048576K
}
Event: 0.333 GC heap after
{Heap after GC invocations=2 (full 0):
 garbage-first heap   total 8192K, used 1946K [0x0000000081800000, 0x0000000100000000)
  region size 1024K, 1 young (1024K), 1 survivors (1024K)
 Metaspace       used 5400K, committed 5568K, reserved 1056768K
  class space    used 640K, committed 768K, reserved 1048576K
}
Event: 0.436 GC heap before
{Heap before GC invocations=2 (full 0):
 garbage-first heap   total 8192K, used 2970K [0x0000000081800000, 0x0000000100000000)
  region size 1024K, 2 young (2048K), 1 survivors (1024K)
 Metaspace       used 7092K, committed 7296K, reserved 1064960K
  class space    used 832K, committed 896K, reserved 1048576K
}
Event: 0.437 GC heap after
{Heap after GC invocations=3 (full 0):
 garbage-first heap   total 8192K, used 2236K [0x0000000081800000, 0x0000000100000000)
  region size 1024K, 1 young (1024K), 1 survivors (1024K)
 Metaspace       used 7092K, committed 7296K, reserved 1064960K
  class space    used 832K, committed 896K, reserved 1048576K
}
Event: 0.486 GC heap before
{Heap before GC invocations=3 (full 0):
 garbage-first heap   total 8192K, used 3260K [0x0000000081800000, 0x0000000100000000)
  region size 1024K, 2 young (2048K), 1 survivors (1024K)
 Metaspace       used 7523K, committed 7680K, reserved 1064960K
  class space    used 871K, committed 960K, reserved 1048576K
}
Event: 0.488 GC heap after
{Heap after GC invocations=4 (full 0):
 garbage-first heap   total 8192K, used 2510K [0x0000000081800000, 0x0000000100000000)
  region size 1024K, 1 young (1024K), 1 survivors (1024K)
 Metaspace       used 7523K, committed 7680K, reserved 1064960K
  class space    used 871K, committed 960K, reserved 1048576K
}
Event: 0.532 GC heap before
{Heap before GC invocations=4 (full 0):
 garbage-first heap   total 8192K, used 3534K [0x0000000081800000, 0x0000000100000000)
  region size 1024K, 2 young (2048K), 1 survivors (1024K)
 Metaspace       used 7671K, committed 7808K, reserved 1064960K
  class space    used 889K, committed 960K, reserved 1048576K
}
Event: 0.534 GC heap after
{Heap after GC invocations=5 (full 0):
 garbage-first heap   total 10240K, used 2896K [0x0000000081800000, 0x0000000100000000)
  region size 1024K, 1 young (1024K), 1 survivors (1024K)
 Metaspace       used 7671K, committed 7808K, reserved 1064960K
  class space    used 889K, committed 960K, reserved 1048576K
}
Event: 1.039 GC heap before
{Heap before GC invocations=5 (full 0):
 garbage-first heap   total 10240K, used 4944K [0x0000000081800000, 0x0000000100000000)
  region size 1024K, 3 young (3072K), 1 survivors (1024K)
 Metaspace       used 7962K, committed 8128K, reserved 1064960K
  class space    used 919K, committed 1024K, reserved 1048576K
}
Event: 1.041 GC heap after
{Heap after GC invocations=6 (full 0):
 garbage-first heap   total 10240K, used 3364K [0x0000000081800000, 0x0000000100000000)
  region size 1024K, 1 young (1024K), 1 survivors (1024K)
 Metaspace       used 7962K, committed 8128K, reserved 1064960K
  class space    used 919K, committed 1024K, reserved 1048576K
}
Event: 1.084 GC heap before
{Heap before GC invocations=6 (full 0):
 garbage-first heap   total 10240K, used 5412K [0x0000000081800000, 0x0000000100000000)
  region size 1024K, 3 young (3072K), 1 survivors (1024K)
 Metaspace       used 8049K, committed 8256K, reserved 1064960K
  class space    used 928K, committed 1024K, reserved 1048576K
}
Event: 1.086 GC heap after
{Heap after GC invocations=7 (full 0):
 garbage-first heap   total 10240K, used 3614K [0x0000000081800000, 0x0000000100000000)
  region size 1024K, 1 young (1024K), 1 survivors (1024K)
 Metaspace       used 8049K, committed 8256K, reserved 1064960K
  class space    used 928K, committed 1024K, reserved 1048576K
}
Event: 1.110 GC heap before
{Heap before GC invocations=7 (full 0):
 garbage-first heap   total 10240K, used 5662K [0x0000000081800000, 0x0000000100000000)
  region size 1024K, 3 young (3072K), 1 survivors (1024K)
 Metaspace       used 8081K, committed 8256K, reserved 1064960K
  class space    used 928K, committed 1024K, reserved 1048576K
}
Event: 1.112 GC heap after
{Heap after GC invocations=8 (full 0):
 garbage-first heap   total 10240K, used 3946K [0x0000000081800000, 0x0000000100000000)
  region size 1024K, 1 young (1024K), 1 survivors (1024K)
 Metaspace       used 8081K, committed 8256K, reserved 1064960K
  class space    used 928K, committed 1024K, reserved 1048576K
}
Event: 1.166 GC heap before
{Heap before GC invocations=8 (full 0):
 garbage-first heap   total 10240K, used 4970K [0x0000000081800000, 0x0000000100000000)
  region size 1024K, 3 young (3072K), 1 survivors (1024K)
 Metaspace       used 8277K, committed 8512K, reserved 1064960K
  class space    used 950K, committed 1088K, reserved 1048576K
}
Event: 1.169 GC heap after
{Heap after GC invocations=9 (full 0):
 garbage-first heap   total 10240K, used 4694K [0x0000000081800000, 0x0000000100000000)
  region size 1024K, 1 young (1024K), 1 survivors (1024K)
 Metaspace       used 8277K, committed 8512K, reserved 1064960K
  class space    used 950K, committed 1088K, reserved 1048576K
}
Event: 1.184 GC heap before
{Heap before GC invocations=9 (full 0):
 garbage-first heap   total 10240K, used 5718K [0x0000000081800000, 0x0000000100000000)
  region size 1024K, 2 young (2048K), 1 survivors (1024K)
 Metaspace       used 8299K, committed 8576K, reserved 1064960K
  class space    used 950K, committed 1088K, reserved 1048576K
}

Deoptimization events (20 events):
Event: 1.083 Thread 0x00000297cbcf6620 DEOPT PACKING pc=0x00000297d366b4d6 sp=0x000000b3bbcfd5c0
Event: 1.083 Thread 0x00000297cbcf6620 DEOPT UNPACKING pc=0x00000297dab02b43 sp=0x000000b3bbcfca48 mode 0
Event: 1.083 Thread 0x00000297cbcf6620 DEOPT PACKING pc=0x00000297d366b4d6 sp=0x000000b3bbcfd680
Event: 1.083 Thread 0x00000297cbcf6620 DEOPT UNPACKING pc=0x00000297dab02b43 sp=0x000000b3bbcfcb08 mode 0
Event: 1.122 Thread 0x00000297cbcf6620 Uncommon trap: trap_request=0xffffff45 fr.pc=0x00000297db0888e0 relative=0x0000000000000060
Event: 1.122 Thread 0x00000297cbcf6620 Uncommon trap: reason=unstable_if action=reinterpret pc=0x00000297db0888e0 method=com.sun.tools.javac.jvm.PoolReader.sizeof(I)I @ 1 c2
Event: 1.122 Thread 0x00000297cbcf6620 DEOPT PACKING pc=0x00000297db0888e0 sp=0x000000b3bbcfd6b0
Event: 1.122 Thread 0x00000297cbcf6620 DEOPT UNPACKING pc=0x00000297dab023a3 sp=0x000000b3bbcfd640 mode 2
Event: 1.135 Thread 0x00000297cbcf6620 Uncommon trap: trap_request=0xffffff45 fr.pc=0x00000297db09fbcc relative=0x00000000000008ec
Event: 1.135 Thread 0x00000297cbcf6620 Uncommon trap: reason=unstable_if action=reinterpret pc=0x00000297db09fbcc method=jdk.internal.jimage.ImageStringsReader.stringFromByteBuffer(Ljava/nio/ByteBuffer;I)Ljava/lang/String; @ 7 c2
Event: 1.135 Thread 0x00000297cbcf6620 DEOPT PACKING pc=0x00000297db09fbcc sp=0x000000b3bbcfd0c0
Event: 1.135 Thread 0x00000297cbcf6620 DEOPT UNPACKING pc=0x00000297dab023a3 sp=0x000000b3bbcfcf40 mode 2
Event: 1.135 Thread 0x00000297cbcf6620 Uncommon trap: trap_request=0xffffff45 fr.pc=0x00000297db09b12c relative=0x00000000000007ec
Event: 1.135 Thread 0x00000297cbcf6620 Uncommon trap: reason=unstable_if action=reinterpret pc=0x00000297db09b12c method=jdk.internal.jimage.ImageStringsReader.stringFromByteBuffer(Ljava/nio/ByteBuffer;I)Ljava/lang/String; @ 7 c2
Event: 1.135 Thread 0x00000297cbcf6620 DEOPT PACKING pc=0x00000297db09b12c sp=0x000000b3bbcfcf30
Event: 1.135 Thread 0x00000297cbcf6620 DEOPT UNPACKING pc=0x00000297dab023a3 sp=0x000000b3bbcfced8 mode 2
Event: 1.144 Thread 0x00000297cbcf6620 Uncommon trap: trap_request=0xffffff45 fr.pc=0x00000297db0a3160 relative=0x0000000000000820
Event: 1.144 Thread 0x00000297cbcf6620 Uncommon trap: reason=unstable_if action=reinterpret pc=0x00000297db0a3160 method=jdk.internal.jimage.ImageStringsReader.stringFromByteBuffer(Ljava/nio/ByteBuffer;I)Ljava/lang/String; @ 7 c2
Event: 1.145 Thread 0x00000297cbcf6620 DEOPT PACKING pc=0x00000297db0a3160 sp=0x000000b3bbcfd7f0
Event: 1.145 Thread 0x00000297cbcf6620 DEOPT UNPACKING pc=0x00000297dab023a3 sp=0x000000b3bbcfd730 mode 2

Classes unloaded (0 events):
No events

Classes redefined (0 events):
No events

Internal exceptions (20 events):
Event: 0.166 Thread 0x00000297cbcf6620 Exception <a 'java/lang/NoSuchMethodError'{0x0000000081d32fc8}: 'void java.lang.invoke.DirectMethodHandle$Holder.invokeInterface(java.lang.Object, java.lang.Object, java.lang.Object)'> (0x0000000081d32fc8) 
thrown [s\open\src\hotspot\share\interpreter\linkResolver.cpp, line 759]
Event: 0.261 Thread 0x00000297cbcf6620 Exception <a 'java/lang/NoSuchMethodError'{0x0000000081f4e248}: 'int java.lang.invoke.DirectMethodHandle$Holder.invokeStaticInit(java.lang.Object, java.lang.Object)'> (0x0000000081f4e248) 
thrown [s\open\src\hotspot\share\interpreter\linkResolver.cpp, line 759]
Event: 0.324 Thread 0x00000297cbcf6620 Exception <a 'java/lang/NoSuchMethodError'{0x0000000081fef860}: 'int java.lang.invoke.DirectMethodHandle$Holder.invokeVirtual(java.lang.Object, java.lang.Object)'> (0x0000000081fef860) 
thrown [s\open\src\hotspot\share\interpreter\linkResolver.cpp, line 759]
Event: 0.339 Thread 0x00000297cbcf6620 Exception <a 'java/lang/NoSuchMethodError'{0x0000000081f17758}: 'java.lang.Object java.lang.invoke.DirectMethodHandle$Holder.newInvokeSpecial(java.lang.Object, java.lang.Object, java.lang.Object, java.lang.Object, java.lang.Object)'> (0x0000000081f17758) 
thrown [s\open\src\hotspot\share\interpreter\linkResolver.cpp, line 759]
Event: 0.344 Thread 0x00000297cbcf6620 Exception <a 'java/lang/NoSuchMethodError'{0x0000000081f26508}: 'java.lang.Object java.lang.invoke.DirectMethodHandle$Holder.newInvokeSpecial(java.lang.Object, java.lang.Object, java.lang.Object, java.lang.Object, java.lang.Object, java.lang.Object)'> (0x0000000081f26508) 
thrown [s\open\src\hotspot\share\interpreter\linkResolver.cpp, line 759]
Event: 0.365 Thread 0x00000297cbcf6620 Exception <a 'java/lang/NoSuchMethodError'{0x0000000081f70800}: 'java.lang.Object java.lang.invoke.DirectMethodHandle$Holder.invokeVirtual(java.lang.Object, java.lang.Object, java.lang.Object)'> (0x0000000081f70800) 
thrown [s\open\src\hotspot\share\interpreter\linkResolver.cpp, line 759]
Event: 0.367 Thread 0x00000297cbcf6620 Exception <a 'java/lang/NoSuchMethodError'{0x0000000081f7b918}: 'int java.lang.invoke.DirectMethodHandle$Holder.invokeInterface(java.lang.Object, java.lang.Object)'> (0x0000000081f7b918) 
thrown [s\open\src\hotspot\share\interpreter\linkResolver.cpp, line 759]
Event: 0.369 Thread 0x00000297cbcf6620 Exception <a 'sun/nio/fs/WindowsException'{0x0000000081f83db8}> (0x0000000081f83db8) 
thrown [s\open\src\hotspot\share\prims\jni.cpp, line 516]
Event: 0.369 Thread 0x00000297cbcf6620 Exception <a 'sun/nio/fs/WindowsException'{0x0000000081f84150}> (0x0000000081f84150) 
thrown [s\open\src\hotspot\share\prims\jni.cpp, line 516]
Event: 0.378 Thread 0x00000297cbcf6620 Exception <a 'java/lang/NoSuchMethodError'{0x0000000081f99e58}: 'java.lang.Object java.lang.invoke.DirectMethodHandle$Holder.invokeStaticInit(java.lang.Object)'> (0x0000000081f99e58) 
thrown [s\open\src\hotspot\share\interpreter\linkResolver.cpp, line 759]
Event: 0.485 Thread 0x00000297cbcf6620 Exception <a 'java/lang/NoSuchMethodError'{0x0000000081ff3a30}: 'java.lang.Object java.lang.invoke.DirectMethodHandle$Holder.invokeVirtual(java.lang.Object, java.lang.Object, java.lang.Object, int, int)'> (0x0000000081ff3a30) 
thrown [s\open\src\hotspot\share\interpreter\linkResolver.cpp, line 759]
Event: 0.485 Thread 0x00000297cbcf6620 Exception <a 'java/lang/NoSuchMethodError'{0x0000000081ffac38}: 'java.lang.Object java.lang.invoke.DirectMethodHandle$Holder.invokeVirtual(java.lang.Object, java.lang.Object, int)'> (0x0000000081ffac38) 
thrown [s\open\src\hotspot\share\interpreter\linkResolver.cpp, line 759]
Event: 0.496 Thread 0x00000297cbcf6620 Exception <a 'java/lang/NoSuchMethodError'{0x0000000081f16490}: 'java.lang.Object java.lang.invoke.DirectMethodHandle$Holder.invokeSpecial(java.lang.Object, java.lang.Object, java.lang.Object, int, int)'> (0x0000000081f16490) 
thrown [s\open\src\hotspot\share\interpreter\linkResolver.cpp, line 759]
Event: 0.547 Thread 0x00000297cbcf6620 Exception <a 'java/lang/NoSuchMethodError'{0x00000000821484d0}: 'void java.lang.invoke.DirectMethodHandle$Holder.invokeStatic(java.lang.Object, java.lang.Object)'> (0x00000000821484d0) 
thrown [s\open\src\hotspot\share\interpreter\linkResolver.cpp, line 759]
Event: 0.549 Thread 0x00000297cbcf6620 Exception <a 'sun/nio/fs/WindowsException'{0x00000000821523b0}> (0x00000000821523b0) 
thrown [s\open\src\hotspot\share\prims\jni.cpp, line 516]
Event: 1.076 Thread 0x00000297cbcf6620 Exception <a 'java/lang/NoSuchMethodError'{0x0000000082061ea0}: 'int java.lang.invoke.DirectMethodHandle$Holder.invokeSpecial(java.lang.Object, java.lang.Object, java.lang.Object)'> (0x0000000082061ea0) 
thrown [s\open\src\hotspot\share\interpreter\linkResolver.cpp, line 759]
Event: 1.079 Thread 0x00000297cbcf6620 Exception <a 'sun/nio/fs/WindowsException'{0x000000008206c590}> (0x000000008206c590) 
thrown [s\open\src\hotspot\share\prims\jni.cpp, line 516]
Event: 1.079 Thread 0x00000297cbcf6620 Exception <a 'sun/nio/fs/WindowsException'{0x000000008206c7b0}> (0x000000008206c7b0) 
thrown [s\open\src\hotspot\share\prims\jni.cpp, line 516]
Event: 1.120 Thread 0x00000297cbcf6620 Exception <a 'java/lang/NoSuchMethodError'{0x000000008212b6e0}: 'java.lang.Object java.lang.invoke.DirectMethodHandle$Holder.invokeInterface(java.lang.Object, java.lang.Object)'> (0x000000008212b6e0) 
thrown [s\open\src\hotspot\share\interpreter\linkResolver.cpp, line 759]
Event: 1.123 Thread 0x00000297cbcf6620 Exception <a 'java/lang/NoSuchMethodError'{0x0000000082139ee0}: 'java.lang.Object java.lang.invoke.DirectMethodHandle$Holder.invokeStatic(java.lang.Object, java.lang.Object, int, int)'> (0x0000000082139ee0) 
thrown [s\open\src\hotspot\share\interpreter\linkResolver.cpp, line 759]

VM Operations (20 events):
Event: 0.371 Executing VM operation: HandshakeAllThreads done
Event: 0.436 Executing VM operation: G1CollectForAllocation
Event: 0.437 Executing VM operation: G1CollectForAllocation done
Event: 0.452 Executing VM operation: HandshakeAllThreads
Event: 0.452 Executing VM operation: HandshakeAllThreads done
Event: 0.486 Executing VM operation: G1CollectForAllocation
Event: 0.488 Executing VM operation: G1CollectForAllocation done
Event: 0.532 Executing VM operation: G1CollectForAllocation
Event: 0.534 Executing VM operation: G1CollectForAllocation done
Event: 1.039 Executing VM operation: G1CollectForAllocation
Event: 1.041 Executing VM operation: G1CollectForAllocation done
Event: 1.083 Executing VM operation: G1CollectForAllocation
Event: 1.086 Executing VM operation: G1CollectForAllocation done
Event: 1.110 Executing VM operation: G1CollectForAllocation
Event: 1.112 Executing VM operation: G1CollectForAllocation done
Event: 1.136 Executing VM operation: HandshakeAllThreads
Event: 1.136 Executing VM operation: HandshakeAllThreads done
Event: 1.166 Executing VM operation: G1CollectForAllocation
Event: 1.169 Executing VM operation: G1CollectForAllocation done
Event: 1.184 Executing VM operation: G1CollectForAllocation

Events (20 events):
Event: 0.561 loading class java/util/stream/Nodes$EmptyNode$OfLong
Event: 0.561 loading class java/util/stream/Node$OfLong
Event: 0.561 loading class java/util/stream/Node$OfLong done
Event: 0.561 loading class java/util/stream/Nodes$EmptyNode$OfLong done
Event: 0.561 loading class java/util/stream/Nodes$EmptyNode$OfDouble
Event: 0.561 loading class java/util/stream/Node$OfDouble
Event: 0.561 loading class java/util/stream/Node$OfDouble done
Event: 0.561 loading class java/util/stream/Nodes$EmptyNode$OfDouble done
Event: 0.561 loading class java/util/stream/Nodes$SpinedNodeBuilder
Event: 0.561 loading class java/util/stream/Node$Builder
Event: 0.561 loading class java/util/stream/Node$Builder done
Event: 0.561 loading class java/util/stream/Nodes$SpinedNodeBuilder done
Event: 0.562 loading class sun/nio/fs/WindowsPath$WindowsPathWithAttributes
Event: 0.562 loading class sun/nio/fs/BasicFileAttributesHolder
Event: 0.562 loading class sun/nio/fs/BasicFileAttributesHolder done
Event: 0.562 loading class sun/nio/fs/WindowsPath$WindowsPathWithAttributes done
Event: 0.683 Thread 0x00000297ea6f7fe0 Thread exited: 0x00000297ea6f7fe0
Event: 1.043 Thread 0x00000297ea537350 Thread added: 0x00000297ea537350
Event: 1.136 loading class jdk/internal/jimage/ImageReader$LinkNode
Event: 1.136 loading class jdk/internal/jimage/ImageReader$LinkNode done


Dynamic libraries:
0x00007ff75ddb0000 - 0x00007ff75ddb8000 	C:\Program Files\Java\jdk-17\bin\javac.exe
0x00007ff89cdf0000 - 0x00007ff89cfe8000 	C:\Windows\SYSTEM32\ntdll.dll
0x00007ff89bb90000 - 0x00007ff89bc52000 	C:\Windows\System32\KERNEL32.DLL
0x00007ff89a940000 - 0x00007ff89ac36000 	C:\Windows\System32\KERNELBASE.dll
0x00007ff89a7b0000 - 0x00007ff89a8b0000 	C:\Windows\System32\ucrtbase.dll
0x00007ff887110000 - 0x00007ff88712b000 	C:\Program Files\Java\jdk-17\bin\VCRUNTIME140.dll
0x00007ff8924a0000 - 0x00007ff8924b8000 	C:\Program Files\Java\jdk-17\bin\jli.dll
0x00007ff89bde0000 - 0x00007ff89be8f000 	C:\Windows\System32\ADVAPI32.dll
0x00007ff89be90000 - 0x00007ff89bf2e000 	C:\Windows\System32\msvcrt.dll
0x00007ff89bd40000 - 0x00007ff89bddf000 	C:\Windows\System32\sechost.dll
0x00007ff89ae30000 - 0x00007ff89af53000 	C:\Windows\System32\RPCRT4.dll
0x00007ff89a490000 - 0x00007ff89a4b7000 	C:\Windows\System32\bcrypt.dll
0x00007ff89bf40000 - 0x00007ff89c0dd000 	C:\Windows\System32\USER32.dll
0x00007ff89adf0000 - 0x00007ff89ae12000 	C:\Windows\System32\win32u.dll
0x00007ff86e9e0000 - 0x00007ff86ec7a000 	C:\Windows\WinSxS\amd64_microsoft.windows.common-controls_6595b64144ccf1df_6.0.19041.5794_none_60bcd33171f2783c\COMCTL32.dll
0x00007ff89c860000 - 0x00007ff89c88b000 	C:\Windows\System32\GDI32.dll
0x00007ff89a5f0000 - 0x00007ff89a70a000 	C:\Windows\System32\gdi32full.dll
0x00007ff89a710000 - 0x00007ff89a7ad000 	C:\Windows\System32\msvcp_win.dll
0x00007ff894910000 - 0x00007ff89491a000 	C:\Windows\SYSTEM32\VERSION.dll
0x00007ff89cbf0000 - 0x00007ff89cc1f000 	C:\Windows\System32\IMM32.DLL
0x00007ff892b50000 - 0x00007ff892b5c000 	C:\Program Files\Java\jdk-17\bin\vcruntime140_1.dll
0x00007ff84b740000 - 0x00007ff84b7ce000 	C:\Program Files\Java\jdk-17\bin\msvcp140.dll
0x00007ff825ab0000 - 0x00007ff826687000 	C:\Program Files\Java\jdk-17\bin\server\jvm.dll
0x00007ff89b8e0000 - 0x00007ff89b8e8000 	C:\Windows\System32\PSAPI.DLL
0x00007ff8832a0000 - 0x00007ff8832a9000 	C:\Windows\SYSTEM32\WSOCK32.dll
0x00007ff889eb0000 - 0x00007ff889ed7000 	C:\Windows\SYSTEM32\WINMM.dll
0x00007ff89c7f0000 - 0x00007ff89c85b000 	C:\Windows\System32\WS2_32.dll
0x00007ff8982f0000 - 0x00007ff898302000 	C:\Windows\SYSTEM32\kernel.appcore.dll
0x00007ff88a430000 - 0x00007ff88a43a000 	C:\Program Files\Java\jdk-17\bin\jimage.dll
0x00007ff889a90000 - 0x00007ff889c91000 	C:\Windows\SYSTEM32\DBGHELP.DLL
0x00007ff887bf0000 - 0x00007ff887c24000 	C:\Windows\SYSTEM32\dbgcore.DLL
0x00007ff89a8b0000 - 0x00007ff89a932000 	C:\Windows\System32\bcryptPrimitives.dll
0x00007ff84ff30000 - 0x00007ff84ff55000 	C:\Program Files\Java\jdk-17\bin\java.dll
0x00007ff84b7d0000 - 0x00007ff84b8a7000 	C:\Program Files\Java\jdk-17\bin\jsvml.dll
0x00007ff89b170000 - 0x00007ff89b8de000 	C:\Windows\System32\SHELL32.dll
0x00007ff8984f0000 - 0x00007ff898c93000 	C:\Windows\SYSTEM32\windows.storage.dll
0x00007ff89c890000 - 0x00007ff89cbe3000 	C:\Windows\System32\combase.dll
0x00007ff899d10000 - 0x00007ff899d3b000 	C:\Windows\SYSTEM32\Wldp.dll
0x00007ff89c0e0000 - 0x00007ff89c1ad000 	C:\Windows\System32\OLEAUT32.dll
0x00007ff89ba80000 - 0x00007ff89bb2d000 	C:\Windows\System32\SHCORE.dll
0x00007ff89af60000 - 0x00007ff89afb5000 	C:\Windows\System32\shlwapi.dll
0x00007ff89a3c0000 - 0x00007ff89a3e5000 	C:\Windows\SYSTEM32\profapi.dll
0x00007ff8922c0000 - 0x00007ff8922d9000 	C:\Program Files\Java\jdk-17\bin\net.dll
0x00007ff893e00000 - 0x00007ff893f0a000 	C:\Windows\SYSTEM32\WINHTTP.dll
0x00007ff899af0000 - 0x00007ff899b5c000 	C:\Windows\system32\mswsock.dll
0x00007ff877a60000 - 0x00007ff877a76000 	C:\Program Files\Java\jdk-17\bin\nio.dll

dbghelp: loaded successfully - version: 4.0.5 - missing functions: none
symbol engine: initialized successfully - sym options: 0x614 - pdb path: .;C:\Program Files\Java\jdk-17\bin;C:\Windows\SYSTEM32;C:\Windows\WinSxS\amd64_microsoft.windows.common-controls_6595b64144ccf1df_6.0.19041.5794_none_60bcd33171f2783c;C:\Program Files\Java\jdk-17\bin\server

VM Arguments:
jvm_args: -Dapplication.home=C:\Program Files\Java\jdk-17 --add-modules=ALL-DEFAULT -Xms8m -Djdk.module.main=jdk.compiler 
java_command: jdk.compiler/com.sun.tools.javac.Main array9.java
java_class_path (initial): <not set>
Launcher Type: SUN_STANDARD

[Global flags]
     intx CICompilerCount                          = 3                                         {product} {ergonomic}
     uint ConcGCThreads                            = 1                                         {product} {ergonomic}
     uint G1ConcRefinementThreads                  = 4                                         {product} {ergonomic}
   size_t G1HeapRegionSize                         = 1048576                                   {product} {ergonomic}
    uintx GCDrainStackTargetSize                   = 64                                        {product} {ergonomic}
   size_t InitialHeapSize                          = 8388608                                   {product} {command line}
   size_t MarkStackSize                            = 4194304                                   {product} {ergonomic}
   size_t MaxHeapSize                              = 2122317824                                {product} {ergonomic}
   size_t MaxNewSize                               = 1272971264                                {product} {ergonomic}
   size_t MinHeapDeltaBytes                        = 1048576                                   {product} {ergonomic}
   size_t MinHeapSize                              = 8388608                                   {product} {command line}
    uintx NonNMethodCodeHeapSize                   = 5832780                                {pd product} {ergonomic}
    uintx NonProfiledCodeHeapSize                  = 122912730                              {pd product} {ergonomic}
    uintx ProfiledCodeHeapSize                     = 122912730                              {pd product} {ergonomic}
    uintx ReservedCodeCacheSize                    = 251658240                              {pd product} {ergonomic}
     bool SegmentedCodeCache                       = true                                      {product} {ergonomic}
   size_t SoftMaxHeapSize                          = 2122317824                             {manageable} {ergonomic}
     bool UseCompressedClassPointers               = true                           {product lp64_product} {ergonomic}
     bool UseCompressedOops                        = true                           {product lp64_product} {ergonomic}
     bool UseG1GC                                  = true                                      {product} {ergonomic}
     bool UseLargePagesIndividualAllocation        = false                                  {pd product} {ergonomic}

Logging:
Log output configuration:
 #0: stdout all=warning uptime,level,tags
 #1: stderr all=off uptime,level,tags

Environment Variables:
PATH=C:\Users\LIVEWIRE\Downloads\db_home\bin;C:\Program Files\Common Files\Oracle\Java\javapath;C:\Windows\system32;C:\Windows;C:\Windows\System32\Wbem;C:\Windows\System32\WindowsPowerShell\v1.0\;C:\Windows\System32\OpenSSH\;C:\ProgramData\chocolatey\bin;C:\Windows\Microsoft.NET\Framework\v4.0.30319;C:\Program Files\Microsoft SQL Server\Client SDK\ODBC\170\Tools\Binn\;C:\Program Files\dotnet\;C:\Windows\Microsoft.NET\Framework64\v4.0.30319;C:\Program Files\nodejs\;C:\Program Files\Git\cmd;D:\software\mongosh-2.5.0-win32-x64\mongosh-2.5.0-win32-x64\bin;;C:\Program Files\Docker\Docker\resources\bin;C:\Users\LIVEWIRE\AppData\Local\Programs\Python\Python311\Scripts\;C:\Users\LIVEWIRE\AppData\Local\Programs\Python\Python311\;C:\Users\LIVEWIRE\AppData\Local\Programs\Python\Python312\Scripts\;C:\Users\LIVEWIRE\AppData\Local\Programs\Python\Python312\;C:\Users\LIVEWIRE\AppData\Local\Microsoft\WindowsApps;C:\msys64\mingw64\bin;C:\Program Files\JetBrains\IntelliJ IDEA Educational Edition 2022.2.2\bin;;C:\Users\LIVEWIRE\AppData\Local\JetBrains\PyCharm Community Edition 2023.2.1\bin;;C:\Users\LIVEWIRE\.dotnet\tools;C:\Users\LIVEWIRE\AppData\Roaming\npm;C:\Users\LIVEWIRE\AppData\Local\Programs\Python\Python37\Scripts\;C:\Users\LIVEWIRE\AppData\Local\Programs\Python\Python37\;C:\Program Files\Java\jdk-22\bin;C:\Users\LIVEWIRE\AppData\Local\GitHubDesktop\bin;C:\Users\LIVEWIRE\AppData\Local\Programs\Microsoft VS Code\bin
USERNAME=LIVEWIRE
OS=Windows_NT
PROCESSOR_IDENTIFIER=Intel64 Family 6 Model 94 Stepping 3, GenuineIntel



---------------  S Y S T E M  ---------------

OS:
 Windows 10 , 64 bit Build 19041 (10.0.19041.5794)
OS uptime: 1 days 3:49 hours
Hyper-V role detected

CPU: total 4 (initial active 4) (2 cores per cpu, 2 threads per core) family 6 model 94 stepping 3 microcode 0xcc, cx8, cmov, fxsr, ht, mmx, 3dnowpref, sse, sse2, sse3, ssse3, sse4.1, sse4.2, popcnt, lzcnt, tsc, tscinvbit, avx, avx2, aes, erms, clmul, bmi1, bmi2, adx, fma, vzeroupper, clflush, clflushopt, hv

Memory: 4k page, system-wide physical 8091M (1681M free)
TotalPageFile size 9259M (AvailPageFile size 7M)
current process WorkingSet (physical memory assigned to process): 65M, peak: 65M
current process commit charge ("private bytes"): 95M, peak: 100M

vm_info: Java HotSpot(TM) 64-Bit Server VM (17.0.6+9-LTS-190) for windows-amd64 JRE (17.0.6+9-LTS-190), built on Dec  6 2022 15:53:54 by "mach5one" with MS VC++ 17.1 (VS2022)

END.
